<?xml version="1.0" encoding="UTF-8"?>
<!-- Generated by org.testng.reporters.JUnitReportReporter -->
<testsuite hostname="DESKTOP-RGFATUR" failures="0" tests="3" name="Maven.TestNg.SimpleAnnotation" time="0.114" errors="0" timestamp="2022-03-01T23:29:20 IST" skipped="0">
  <testcase classname="Maven.TestNg.SimpleAnnotation" name="test5" time="0.011"/>
  <system-out/>
  <testcase classname="Maven.TestNg.SimpleAnnotation" name="test4" time="0.055"/>
  <system-out/>
  <testcase classname="Maven.TestNg.SimpleAnnotation" name="test6" time="0.048"/>
  <system-out/>
</testsuite> <!-- Maven.TestNg.SimpleAnnotation -->
