<?xml version="1.0" encoding="UTF-8"?>
<!-- Generated by org.testng.reporters.JUnitReportReporter -->
<testsuite hostname="DESKTOP-RGFATUR" failures="0" tests="2" name="Maven.TestNg.GroupingPro" time="21.077" errors="0" timestamp="2022-03-06T23:12:26 IST" skipped="0">
  <testcase classname="Maven.TestNg.GroupingPro" name="filp" time="8.537"/>
  <system-out/>
  <testcase classname="Maven.TestNg.GroupingPro" name="chrome" time="12.540"/>
  <system-out/>
</testsuite> <!-- Maven.TestNg.GroupingPro -->
