<?xml version="1.0" encoding="UTF-8"?>
<!-- Generated by org.testng.reporters.JUnitReportReporter -->
<testsuite hostname="DESKTOP-RGFATUR" failures="0" tests="3" name="Maven.TestNg.SimpleAnnPro" time="2.754" errors="0" timestamp="2022-03-06T11:57:09 IST" skipped="2">
  <testcase classname="Maven.TestNg.SimpleAnnPro" name="dropdown" time="2.754"/>
  <system-out/>
  <testcase classname="Maven.TestNg.SimpleAnnPro" name="mobile">
    <skipped/>
  </testcase> <!-- mobile -->
  <system-out/>
  <testcase classname="Maven.TestNg.SimpleAnnPro" name="all">
    <skipped/>
  </testcase> <!-- all -->
  <system-out/>
</testsuite> <!-- Maven.TestNg.SimpleAnnPro -->
